\BOOKMARK [0][-]{chapter.1}{Introduction}{}
\BOOKMARK [1][-]{section.1.1}{The Vision For Twisted}{chapter.1}
\BOOKMARK [1][-]{section.1.2}{High-Level Overview of Twisted}{chapter.1}
\BOOKMARK [1][-]{section.1.3}{Overview of Twisted Internet}{chapter.1}
\BOOKMARK [0][-]{chapter.2}{Tutorial}{}
\BOOKMARK [1][-]{section.2.1}{Writing Servers}{chapter.2}
\BOOKMARK [2][-]{subsection.2.1.1}{Overview}{section.2.1}
\BOOKMARK [2][-]{subsection.2.1.2}{Protocols}{section.2.1}
\BOOKMARK [2][-]{subsection.2.1.3}{Factories}{section.2.1}
\BOOKMARK [2][-]{subsection.2.1.4}{Putting it All Together}{section.2.1}
\BOOKMARK [1][-]{section.2.2}{Writing Clients}{chapter.2}
\BOOKMARK [2][-]{subsection.2.2.1}{Overview}{section.2.2}
\BOOKMARK [2][-]{subsection.2.2.2}{Protocol}{section.2.2}
\BOOKMARK [2][-]{subsection.2.2.3}{Simple, single-use clients}{section.2.2}
\BOOKMARK [2][-]{subsection.2.2.4}{ClientFactory}{section.2.2}
\BOOKMARK [2][-]{subsection.2.2.5}{A Higher-Level Example: ircLogBot}{section.2.2}
\BOOKMARK [2][-]{subsection.2.2.6}{Further Reading}{section.2.2}
\BOOKMARK [1][-]{section.2.3}{Setting up the TwistedQuotes application}{chapter.2}
\BOOKMARK [2][-]{subsection.2.3.1}{Goal}{section.2.3}
\BOOKMARK [2][-]{subsection.2.3.2}{Setting up the TwistedQuotes project directory}{section.2.3}
\BOOKMARK [1][-]{section.2.4}{Designing Twisted Applications}{chapter.2}
\BOOKMARK [2][-]{subsection.2.4.1}{Goals}{section.2.4}
\BOOKMARK [2][-]{subsection.2.4.2}{Example of a modular design: TwistedQuotes}{section.2.4}
\BOOKMARK [1][-]{section.2.5}{Twisted from Scratch, or The Evolution of Finger}{chapter.2}
\BOOKMARK [2][-]{subsection.2.5.1}{Introduction}{section.2.5}
\BOOKMARK [2][-]{subsection.2.5.2}{Contents}{section.2.5}
\BOOKMARK [1][-]{section.2.6}{The Evolution of Finger: building a simple finger service}{chapter.2}
\BOOKMARK [2][-]{subsection.2.6.1}{Introduction}{section.2.6}
\BOOKMARK [2][-]{subsection.2.6.2}{Refuse Connections}{section.2.6}
\BOOKMARK [2][-]{subsection.2.6.3}{Do Nothing}{section.2.6}
\BOOKMARK [2][-]{subsection.2.6.4}{Drop Connections}{section.2.6}
\BOOKMARK [2][-]{subsection.2.6.5}{Read Username, Drop Connections}{section.2.6}
\BOOKMARK [2][-]{subsection.2.6.6}{Read Username, Output Error, Drop Connections}{section.2.6}
\BOOKMARK [2][-]{subsection.2.6.7}{Output From Empty Factory}{section.2.6}
\BOOKMARK [2][-]{subsection.2.6.8}{Output from Non-empty Factory}{section.2.6}
\BOOKMARK [2][-]{subsection.2.6.9}{Use Deferreds}{section.2.6}
\BOOKMARK [2][-]{subsection.2.6.10}{Run 'finger' Locally}{section.2.6}
\BOOKMARK [2][-]{subsection.2.6.11}{Read Status from the Web}{section.2.6}
\BOOKMARK [2][-]{subsection.2.6.12}{Use Application}{section.2.6}
\BOOKMARK [2][-]{subsection.2.6.13}{twistd}{section.2.6}
\BOOKMARK [1][-]{section.2.7}{The Evolution of Finger: adding features to the finger service}{chapter.2}
\BOOKMARK [2][-]{subsection.2.7.1}{Introduction}{section.2.7}
\BOOKMARK [2][-]{subsection.2.7.2}{Setting Message By Local Users}{section.2.7}
\BOOKMARK [2][-]{subsection.2.7.3}{Use Services to Make Dependencies Sane}{section.2.7}
\BOOKMARK [2][-]{subsection.2.7.4}{Read Status File}{section.2.7}
\BOOKMARK [2][-]{subsection.2.7.5}{Announce on Web, Too}{section.2.7}
\BOOKMARK [2][-]{subsection.2.7.6}{Announce on IRC, Too}{section.2.7}
\BOOKMARK [2][-]{subsection.2.7.7}{Add XML-RPC Support}{section.2.7}
\BOOKMARK [1][-]{section.2.8}{The Evolution of Finger: cleaning up the finger code}{chapter.2}
\BOOKMARK [2][-]{subsection.2.8.1}{Introduction}{section.2.8}
\BOOKMARK [2][-]{subsection.2.8.2}{Write Readable Code}{section.2.8}
\BOOKMARK [1][-]{section.2.9}{The Evolution of Finger: moving to a component based architecture}{chapter.2}
\BOOKMARK [2][-]{subsection.2.9.1}{Introduction}{section.2.9}
\BOOKMARK [2][-]{subsection.2.9.2}{Write Maintainable Code}{section.2.9}
\BOOKMARK [2][-]{subsection.2.9.3}{Advantages of Latest Version}{section.2.9}
\BOOKMARK [2][-]{subsection.2.9.4}{Aspect-Oriented Programming}{section.2.9}
\BOOKMARK [1][-]{section.2.10}{The Evolution of Finger: pluggable backends}{chapter.2}
\BOOKMARK [2][-]{subsection.2.10.1}{Introduction}{section.2.10}
\BOOKMARK [2][-]{subsection.2.10.2}{Another Back-end}{section.2.10}
\BOOKMARK [2][-]{subsection.2.10.3}{Yet Another Back-end: Doing the Standard Thing}{section.2.10}
\BOOKMARK [1][-]{section.2.11}{The Evolution of Finger: a web frontend}{chapter.2}
\BOOKMARK [2][-]{subsection.2.11.1}{Introduction}{section.2.11}
\BOOKMARK [1][-]{section.2.12}{The Evolution of Finger: Twisted client support using Perspective Broker}{chapter.2}
\BOOKMARK [2][-]{subsection.2.12.1}{Introduction}{section.2.12}
\BOOKMARK [2][-]{subsection.2.12.2}{Use Perspective Broker}{section.2.12}
\BOOKMARK [1][-]{section.2.13}{The Evolution of Finger: using a single factory for multiple protocols}{chapter.2}
\BOOKMARK [2][-]{subsection.2.13.1}{Introduction}{section.2.13}
\BOOKMARK [2][-]{subsection.2.13.2}{Support HTTPS}{section.2.13}
\BOOKMARK [1][-]{section.2.14}{The Evolution of Finger: a Twisted finger client}{chapter.2}
\BOOKMARK [2][-]{subsection.2.14.1}{Introduction}{section.2.14}
\BOOKMARK [2][-]{subsection.2.14.2}{Finger Proxy}{section.2.14}
\BOOKMARK [1][-]{section.2.15}{The Evolution of Finger: making a finger library}{chapter.2}
\BOOKMARK [2][-]{subsection.2.15.1}{Introduction}{section.2.15}
\BOOKMARK [2][-]{subsection.2.15.2}{Organization}{section.2.15}
\BOOKMARK [2][-]{subsection.2.15.3}{Easy Configuration}{section.2.15}
\BOOKMARK [1][-]{section.2.16}{The Evolution of Finger: configuration and packaging of the finger service}{chapter.2}
\BOOKMARK [2][-]{subsection.2.16.1}{Introduction}{section.2.16}
\BOOKMARK [2][-]{subsection.2.16.2}{Plugins}{section.2.16}
\BOOKMARK [2][-]{subsection.2.16.3}{OS Integration}{section.2.16}
\BOOKMARK [0][-]{chapter.3}{Low-Level Twisted }{}
\BOOKMARK [1][-]{section.3.1}{Reactor Overview}{chapter.3}
\BOOKMARK [2][-]{subsection.3.1.1}{Reactor Basics}{section.3.1}
\BOOKMARK [2][-]{subsection.3.1.2}{Using the reactor object}{section.3.1}
\BOOKMARK [1][-]{section.3.2}{UDP Networking}{chapter.3}
\BOOKMARK [2][-]{subsection.3.2.1}{Overview}{section.3.2}
\BOOKMARK [2][-]{subsection.3.2.2}{DatagramProtocol}{section.3.2}
\BOOKMARK [2][-]{subsection.3.2.3}{Connected UDP}{section.3.2}
\BOOKMARK [2][-]{subsection.3.2.4}{Multicast UDP}{section.3.2}
\BOOKMARK [2][-]{subsection.3.2.5}{Acknowledgments}{section.3.2}
\BOOKMARK [1][-]{section.3.3}{Using Processes}{chapter.3}
\BOOKMARK [2][-]{subsection.3.3.1}{Overview}{section.3.3}
\BOOKMARK [2][-]{subsection.3.3.2}{Running Another Process}{section.3.3}
\BOOKMARK [2][-]{subsection.3.3.3}{Writing a ProcessProtocol}{section.3.3}
\BOOKMARK [2][-]{subsection.3.3.4}{Things that can happen to your ProcessProtocol}{section.3.3}
\BOOKMARK [2][-]{subsection.3.3.5}{Things you can do from your ProcessProtocol}{section.3.3}
\BOOKMARK [2][-]{subsection.3.3.6}{Verbose Example}{section.3.3}
\BOOKMARK [2][-]{subsection.3.3.7}{Doing it the Easy Way}{section.3.3}
\BOOKMARK [2][-]{subsection.3.3.8}{Mapping File Descriptors}{section.3.3}
\BOOKMARK [1][-]{section.3.4}{Deferred Reference}{chapter.3}
\BOOKMARK [2][-]{subsection.3.4.1}{Deferreds}{section.3.4}
\BOOKMARK [2][-]{subsection.3.4.2}{Callbacks}{section.3.4}
\BOOKMARK [2][-]{subsection.3.4.3}{Errbacks}{section.3.4}
\BOOKMARK [2][-]{subsection.3.4.4}{Handling either synchronous or asynchronous results}{section.3.4}
\BOOKMARK [2][-]{subsection.3.4.5}{DeferredList}{section.3.4}
\BOOKMARK [2][-]{subsection.3.4.6}{Class Overview}{section.3.4}
\BOOKMARK [2][-]{subsection.3.4.7}{See also}{section.3.4}
\BOOKMARK [1][-]{section.3.5}{Generating Deferreds}{chapter.3}
\BOOKMARK [2][-]{subsection.3.5.1}{Class overview}{section.3.5}
\BOOKMARK [2][-]{subsection.3.5.2}{What Deferreds don't do: make your code asynchronous}{section.3.5}
\BOOKMARK [2][-]{subsection.3.5.3}{Advanced Processing Chain Control}{section.3.5}
\BOOKMARK [2][-]{subsection.3.5.4}{Returning Deferreds from synchronous functions}{section.3.5}
\BOOKMARK [2][-]{subsection.3.5.5}{Integrating blocking code with Twisted}{section.3.5}
\BOOKMARK [2][-]{subsection.3.5.6}{Possible sources of error}{section.3.5}
\BOOKMARK [1][-]{section.3.6}{Deferreds are beautiful! \(A Tutorial\)}{chapter.3}
\BOOKMARK [2][-]{subsection.3.6.1}{Introduction}{section.3.6}
\BOOKMARK [2][-]{subsection.3.6.2}{A simple example}{section.3.6}
\BOOKMARK [2][-]{subsection.3.6.3}{Errbacks}{section.3.6}
\BOOKMARK [2][-]{subsection.3.6.4}{addBoth: the deferred version of finally}{section.3.6}
\BOOKMARK [2][-]{subsection.3.6.5}{addCallbacks: decision making based on previous success or failure}{section.3.6}
\BOOKMARK [2][-]{subsection.3.6.6}{Hints, tips, common mistakes, and miscellaney}{section.3.6}
\BOOKMARK [2][-]{subsection.3.6.7}{Conclusion}{section.3.6}
\BOOKMARK [1][-]{section.3.7}{Scheduling tasks for the future}{chapter.3}
\BOOKMARK [1][-]{section.3.8}{Using Threads in Twisted}{chapter.3}
\BOOKMARK [2][-]{subsection.3.8.1}{Running code in a thread-safe manner}{section.3.8}
\BOOKMARK [2][-]{subsection.3.8.2}{Running code in threads}{section.3.8}
\BOOKMARK [2][-]{subsection.3.8.3}{Utility Methods}{section.3.8}
\BOOKMARK [2][-]{subsection.3.8.4}{Managing the Thread Pool}{section.3.8}
\BOOKMARK [1][-]{section.3.9}{Choosing a Reactor and GUI Toolkit Integration}{chapter.3}
\BOOKMARK [2][-]{subsection.3.9.1}{Overview}{section.3.9}
\BOOKMARK [2][-]{table.3.1}{Reactor Functionality}{section.3.9}
\BOOKMARK [2][-]{subsection.3.9.3}{General Purpose Reactors}{section.3.9}
\BOOKMARK [2][-]{subsection.3.9.4}{Platform-Specific Reactors}{section.3.9}
\BOOKMARK [2][-]{subsection.3.9.5}{GUI Integration Reactors}{section.3.9}
\BOOKMARK [2][-]{subsection.3.9.6}{Non-Reactor GUI Integration}{section.3.9}
\BOOKMARK [0][-]{chapter.4}{High-Level Twisted}{}
\BOOKMARK [1][-]{section.4.1}{The Basics}{chapter.4}
\BOOKMARK [2][-]{subsection.4.1.1}{Application}{section.4.1}
\BOOKMARK [2][-]{subsection.4.1.2}{twistd}{section.4.1}
\BOOKMARK [2][-]{subsection.4.1.3}{OS Integration}{section.4.1}
\BOOKMARK [1][-]{section.4.2}{The Twisted Plugin System}{chapter.4}
\BOOKMARK [2][-]{subsection.4.2.1}{Writing Extensible Programs}{section.4.2}
\BOOKMARK [2][-]{subsection.4.2.2}{Extending an Existing Program}{section.4.2}
\BOOKMARK [2][-]{subsection.4.2.3}{Alternate Plugin Packages}{section.4.2}
\BOOKMARK [2][-]{subsection.4.2.4}{Plugin Caching}{section.4.2}
\BOOKMARK [2][-]{subsection.4.2.5}{Further Reading}{section.4.2}
\BOOKMARK [1][-]{section.4.3}{Writing a twistd Plugin}{chapter.4}
\BOOKMARK [2][-]{subsection.4.3.1}{Goals}{section.4.3}
\BOOKMARK [2][-]{subsection.4.3.2}{Alternatives to twistd plugins}{section.4.3}
\BOOKMARK [2][-]{subsection.4.3.3}{Creating the plugin}{section.4.3}
\BOOKMARK [2][-]{subsection.4.3.4}{Using cred with your TAP}{section.4.3}
\BOOKMARK [2][-]{subsection.4.3.5}{Conclusion}{section.4.3}
\BOOKMARK [1][-]{section.4.4}{Components: Interfaces and Adapters}{chapter.4}
\BOOKMARK [2][-]{subsection.4.4.1}{Interfaces and Components in Twisted code}{section.4.4}
\BOOKMARK [1][-]{section.4.5}{Cred: Pluggable Authentication}{chapter.4}
\BOOKMARK [2][-]{subsection.4.5.1}{Goals}{section.4.5}
\BOOKMARK [2][-]{subsection.4.5.2}{Cred objects}{section.4.5}
\BOOKMARK [2][-]{subsection.4.5.3}{Responsibilities}{section.4.5}
\BOOKMARK [2][-]{subsection.4.5.4}{Cred plugins}{section.4.5}
\BOOKMARK [2][-]{subsection.4.5.5}{Conclusion}{section.4.5}
\BOOKMARK [1][-]{section.4.6}{Using the Twisted Application Framework}{chapter.4}
\BOOKMARK [2][-]{subsection.4.6.1}{Introduction}{section.4.6}
\BOOKMARK [2][-]{subsection.4.6.2}{Overview}{section.4.6}
\BOOKMARK [2][-]{subsection.4.6.3}{Using application}{section.4.6}
\BOOKMARK [0][-]{chapter.5}{Utilities}{}
\BOOKMARK [1][-]{section.5.1}{Parsing command-lines with usage.Options}{chapter.5}
\BOOKMARK [2][-]{subsection.5.1.1}{Introduction}{section.5.1}
\BOOKMARK [2][-]{subsection.5.1.2}{Boolean Options}{section.5.1}
\BOOKMARK [2][-]{subsection.5.1.3}{Parameters}{section.5.1}
\BOOKMARK [2][-]{subsection.5.1.4}{Option Subcommands}{section.5.1}
\BOOKMARK [2][-]{subsection.5.1.5}{Generic Code For Options}{section.5.1}
\BOOKMARK [2][-]{subsection.5.1.6}{Parsing Arguments}{section.5.1}
\BOOKMARK [2][-]{subsection.5.1.7}{Post Processing}{section.5.1}
\BOOKMARK [2][-]{subsection.5.1.8}{Type enforcement}{section.5.1}
\BOOKMARK [2][-]{subsection.5.1.9}{Shell tab-completion}{section.5.1}
\BOOKMARK [1][-]{section.5.2}{Logging with twisted.python.log}{chapter.5}
\BOOKMARK [2][-]{subsection.5.2.1}{Basic usage}{section.5.2}
\BOOKMARK [2][-]{subsection.5.2.2}{Writing log observers}{section.5.2}
\BOOKMARK [2][-]{subsection.5.2.3}{Customizing twistd logging}{section.5.2}
\BOOKMARK [1][-]{section.5.3}{DirDBM: Directory-based Storage}{chapter.5}
\BOOKMARK [2][-]{subsection.5.3.1}{dirdbm.DirDBM}{section.5.3}
\BOOKMARK [2][-]{subsection.5.3.2}{dirdbm.Shelf}{section.5.3}
\BOOKMARK [1][-]{section.5.4}{Using telnet to manipulate a twisted server}{chapter.5}
\BOOKMARK [1][-]{section.5.5}{Writing tests for Twisted code using Trial}{chapter.5}
\BOOKMARK [2][-]{subsection.5.5.1}{Trial basics}{section.5.5}
\BOOKMARK [2][-]{subsection.5.5.2}{Trial directories}{section.5.5}
\BOOKMARK [2][-]{subsection.5.5.3}{Twisted-specific quirks: reactor, Deferreds, callLater}{section.5.5}
\BOOKMARK [0][-]{chapter.6}{Twisted RDBMS support}{}
\BOOKMARK [1][-]{section.6.1}{twisted.enterprise.adbapi: Twisted RDBMS support}{chapter.6}
\BOOKMARK [2][-]{subsection.6.1.1}{Abstract}{section.6.1}
\BOOKMARK [2][-]{subsection.6.1.2}{What you should already know}{section.6.1}
\BOOKMARK [2][-]{subsection.6.1.3}{Quick Overview}{section.6.1}
\BOOKMARK [2][-]{subsection.6.1.4}{How do I use adbapi?}{section.6.1}
\BOOKMARK [2][-]{subsection.6.1.5}{Examples of various database adapters}{section.6.1}
\BOOKMARK [2][-]{subsection.6.1.6}{And that's it!}{section.6.1}
\BOOKMARK [1][-]{section.6.2}{Twisted Enterprise Row Objects}{chapter.6}
\BOOKMARK [2][-]{subsection.6.2.1}{Class Definitions}{section.6.2}
\BOOKMARK [2][-]{subsection.6.2.2}{Initialization}{section.6.2}
\BOOKMARK [2][-]{subsection.6.2.3}{Creating Row Objects}{section.6.2}
\BOOKMARK [2][-]{subsection.6.2.4}{Relationships Between Tables}{section.6.2}
\BOOKMARK [2][-]{subsection.6.2.5}{Duplicate Row Objects}{section.6.2}
\BOOKMARK [2][-]{subsection.6.2.6}{Updating Row Objects}{section.6.2}
\BOOKMARK [2][-]{subsection.6.2.7}{Deleting Row Objects}{section.6.2}
\BOOKMARK [0][-]{chapter.7}{Perspective Broker}{}
\BOOKMARK [1][-]{section.7.1}{Overview of Twisted Spread}{chapter.7}
\BOOKMARK [2][-]{subsection.7.1.1}{Rationale}{section.7.1}
\BOOKMARK [1][-]{section.7.2}{Introduction to Perspective Broker}{chapter.7}
\BOOKMARK [2][-]{subsection.7.2.1}{Introduction}{section.7.2}
\BOOKMARK [2][-]{subsection.7.2.2}{Object Roadmap}{section.7.2}
\BOOKMARK [2][-]{subsection.7.2.3}{Things you can Call Remotely}{section.7.2}
\BOOKMARK [2][-]{subsection.7.2.4}{Things you can Copy Remotely}{section.7.2}
\BOOKMARK [1][-]{section.7.3}{Using Perspective Broker}{chapter.7}
\BOOKMARK [2][-]{subsection.7.3.1}{Basic Example}{section.7.3}
\BOOKMARK [2][-]{subsection.7.3.2}{Complete Example}{section.7.3}
\BOOKMARK [2][-]{subsection.7.3.3}{References can come back to you}{section.7.3}
\BOOKMARK [2][-]{subsection.7.3.4}{References to client-side objects}{section.7.3}
\BOOKMARK [2][-]{subsection.7.3.5}{Raising Remote Exceptions}{section.7.3}
\BOOKMARK [2][-]{subsection.7.3.6}{Try/Except blocks and Failure.trap }{section.7.3}
\BOOKMARK [1][-]{section.7.4}{PB Copyable: Passing Complex Types}{chapter.7}
\BOOKMARK [2][-]{subsection.7.4.1}{Overview}{section.7.4}
\BOOKMARK [2][-]{subsection.7.4.2}{Motivation}{section.7.4}
\BOOKMARK [2][-]{subsection.7.4.3}{Passing Objects}{section.7.4}
\BOOKMARK [2][-]{subsection.7.4.4}{pb.Copyable}{section.7.4}
\BOOKMARK [2][-]{subsection.7.4.5}{pb.Cacheable}{section.7.4}
\BOOKMARK [1][-]{section.7.5}{Authentication with Perspective Broker}{chapter.7}
\BOOKMARK [2][-]{subsection.7.5.1}{Overview}{section.7.5}
\BOOKMARK [2][-]{subsection.7.5.2}{Compartmentalizing Services}{section.7.5}
\BOOKMARK [2][-]{subsection.7.5.3}{Avatars and Perspectives}{section.7.5}
\BOOKMARK [2][-]{subsection.7.5.4}{Perspective Examples}{section.7.5}
\BOOKMARK [2][-]{subsection.7.5.5}{Using Avatars}{section.7.5}
\BOOKMARK [0][-]{chapter.8}{Manual Pages}{}
\BOOKMARK [1][-]{section.8.1}{MANHOLE.1}{chapter.8}
\BOOKMARK [2][-]{subsection.8.1.1}{NAME}{section.8.1}
\BOOKMARK [2][-]{subsection.8.1.2}{SYNOPSIS}{section.8.1}
\BOOKMARK [2][-]{subsection.8.1.3}{DESCRIPTION}{section.8.1}
\BOOKMARK [2][-]{subsection.8.1.4}{AUTHOR}{section.8.1}
\BOOKMARK [2][-]{subsection.8.1.5}{REPORTING BUGS}{section.8.1}
\BOOKMARK [2][-]{subsection.8.1.6}{COPYRIGHT}{section.8.1}
\BOOKMARK [1][-]{section.8.2}{TAP2DEB.1}{chapter.8}
\BOOKMARK [2][-]{subsection.8.2.1}{NAME}{section.8.2}
\BOOKMARK [2][-]{subsection.8.2.2}{SYNOPSIS}{section.8.2}
\BOOKMARK [2][-]{subsection.8.2.3}{DESCRIPTION}{section.8.2}
\BOOKMARK [2][-]{subsection.8.2.4}{AUTHOR}{section.8.2}
\BOOKMARK [2][-]{subsection.8.2.5}{REPORTING BUGS}{section.8.2}
\BOOKMARK [2][-]{subsection.8.2.6}{COPYRIGHT}{section.8.2}
\BOOKMARK [1][-]{section.8.3}{TAP2RPM.1}{chapter.8}
\BOOKMARK [2][-]{subsection.8.3.1}{NAME}{section.8.3}
\BOOKMARK [2][-]{subsection.8.3.2}{SYNOPSIS}{section.8.3}
\BOOKMARK [2][-]{subsection.8.3.3}{DESCRIPTION}{section.8.3}
\BOOKMARK [2][-]{subsection.8.3.4}{AUTHOR}{section.8.3}
\BOOKMARK [2][-]{subsection.8.3.5}{REPORTING BUGS}{section.8.3}
\BOOKMARK [2][-]{subsection.8.3.6}{COPYRIGHT}{section.8.3}
\BOOKMARK [1][-]{section.8.4}{TAPCONVERT.1}{chapter.8}
\BOOKMARK [2][-]{subsection.8.4.1}{NAME}{section.8.4}
\BOOKMARK [2][-]{subsection.8.4.2}{SYNOPSIS}{section.8.4}
\BOOKMARK [2][-]{subsection.8.4.3}{DESCRIPTION}{section.8.4}
\BOOKMARK [2][-]{subsection.8.4.4}{AUTHOR}{section.8.4}
\BOOKMARK [2][-]{subsection.8.4.5}{REPORTING BUGS}{section.8.4}
\BOOKMARK [2][-]{subsection.8.4.6}{COPYRIGHT}{section.8.4}
\BOOKMARK [1][-]{section.8.5}{TRIAL.1}{chapter.8}
\BOOKMARK [2][-]{subsection.8.5.1}{NAME}{section.8.5}
\BOOKMARK [2][-]{subsection.8.5.2}{SYNOPSIS}{section.8.5}
\BOOKMARK [2][-]{subsection.8.5.3}{DESCRIPTION}{section.8.5}
\BOOKMARK [2][-]{subsection.8.5.4}{OPTIONS}{section.8.5}
\BOOKMARK [2][-]{subsection.8.5.5}{SEE ALSO}{section.8.5}
\BOOKMARK [2][-]{subsection.8.5.6}{AUTHOR}{section.8.5}
\BOOKMARK [2][-]{subsection.8.5.7}{REPORTING BUGS}{section.8.5}
\BOOKMARK [2][-]{subsection.8.5.8}{COPYRIGHT}{section.8.5}
\BOOKMARK [1][-]{section.8.6}{TWISTD.1}{chapter.8}
\BOOKMARK [2][-]{subsection.8.6.1}{NAME}{section.8.6}
\BOOKMARK [2][-]{subsection.8.6.2}{SYNOPSIS}{section.8.6}
\BOOKMARK [2][-]{subsection.8.6.3}{DESCRIPTION}{section.8.6}
\BOOKMARK [2][-]{subsection.8.6.4}{OPTIONS}{section.8.6}
\BOOKMARK [2][-]{subsection.8.6.5}{SIGNALS}{section.8.6}
\BOOKMARK [2][-]{subsection.8.6.6}{AUTHOR}{section.8.6}
\BOOKMARK [2][-]{subsection.8.6.7}{REPORTING BUGS}{section.8.6}
\BOOKMARK [2][-]{subsection.8.6.8}{COPYRIGHT}{section.8.6}
\BOOKMARK [0][-]{chapter.9}{Appendix}{}
\BOOKMARK [1][-]{section.9.1}{Twisted Glossary}{chapter.9}
\BOOKMARK [1][-]{section.9.2}{Banana Protocol Specifications}{chapter.9}
\BOOKMARK [2][-]{subsection.9.2.1}{Introduction}{section.9.2}
\BOOKMARK [2][-]{subsection.9.2.2}{Banana Encodings}{section.9.2}
\BOOKMARK [2][-]{subsection.9.2.3}{Element Types}{section.9.2}
\BOOKMARK [2][-]{subsection.9.2.4}{Profiles}{section.9.2}
\BOOKMARK [2][-]{subsection.9.2.5}{Protocol Handshake and Behaviour}{section.9.2}
